# JRE version: OpenJDK Runtime Environment Temurin-21.0.6+7 (21.0.6+7) (build 21.0.6+7-LTS)
# Java VM: OpenJDK 64-Bit Server VM Temurin-21.0.6+7 (21.0.6+7-LTS, mixed mode, sharing, tiered, compressed oops, compressed class ptrs, parallel gc, windows-amd64)
GC Precious Log:
 CardTable entry size: 512
 CPUs: 16 total, 16 available
 Memory: 7542M
 Large Page Support: Disabled
 NUMA Support: Disabled
 Compressed Oops: Enabled (32-bit)
 Alignments: Space 512K, Generation 512K, Heap 2M
 Heap Min Capacity: 100M
 Heap Initial Capacity: 100M
 Heap Max Capacity: 1G
 Pre-touch: Disabled
 Parallel Workers: 13
Heap:
 PSYoungGen      total 11776K, used 10821K [0x00000000eab00000, 0x00000000eba00000, 0x0000000100000000)
  eden space 8704K, 89% used [0x00000000eab00000,0x00000000eb2937c8,0x00000000eb380000)
  from space 3072K, 99% used [0x00000000eb700000,0x00000000eb9fdd28,0x00000000eba00000)
  to   space 2560K, 0% used [0x00000000eb380000,0x00000000eb380000,0x00000000eb600000)
 ParOldGen       total 172032K, used 159359K [0x00000000c0000000, 0x00000000ca800000, 0x00000000eab00000)
  object space 172032K, 92% used [0x00000000c0000000,0x00000000c9b9fe20,0x00000000ca800000)
 Metaspace       used 48552K, committed 49792K, reserved 1114112K
  class space    used 5092K, committed 5696K, reserved 1048576K
GC Heap History (20 events):
Event: 24.667 GC heap before
{Heap before GC invocations=78 (full 2):
 PSYoungGen      total 11264K, used 10919K [0x00000000eab00000, 0x00000000eb880000, 0x0000000100000000)
  eden space 8704K, 100% used [0x00000000eab00000,0x00000000eb380000,0x00000000eb380000)
  from space 2560K, 86% used [0x00000000eb380000,0x00000000eb5a9c98,0x00000000eb600000)
  to   space 2560K, 0% used [0x00000000eb600000,0x00000000eb600000,0x00000000eb880000)
 ParOldGen       total 161280K, used 161179K [0x00000000c0000000, 0x00000000c9d80000, 0x00000000eab00000)
  object space 161280K, 99% used [0x00000000c0000000,0x00000000c9d66ee0,0x00000000c9d80000)
 Metaspace       used 48547K, committed 49792K, reserved 1114112K
  class space    used 5092K, committed 5696K, reserved 1048576K
}
Event: 24.669 GC heap after
{Heap after GC invocations=78 (full 2):
 PSYoungGen      total 11264K, used 2342K [0x00000000eab00000, 0x00000000eb880000, 0x0000000100000000)
  eden space 8704K, 0% used [0x00000000eab00000,0x00000000eab00000,0x00000000eb380000)
  from space 2560K, 91% used [0x00000000eb600000,0x00000000eb849b88,0x00000000eb880000)
  to   space 2560K, 0% used [0x00000000eb380000,0x00000000eb380000,0x00000000eb600000)
 ParOldGen       total 163328K, used 163253K [0x00000000c0000000, 0x00000000c9f80000, 0x00000000eab00000)
  object space 163328K, 99% used [0x00000000c0000000,0x00000000c9f6d6b8,0x00000000c9f80000)
 Metaspace       used 48547K, committed 49792K, reserved 1114112K
  class space    used 5092K, committed 5696K, reserved 1048576K
}
Event: 24.712 GC heap before
{Heap before GC invocations=79 (full 2):
 PSYoungGen      total 11264K, used 11046K [0x00000000eab00000, 0x00000000eb880000, 0x0000000100000000)
  eden space 8704K, 100% used [0x00000000eab00000,0x00000000eb380000,0x00000000eb380000)
  from space 2560K, 91% used [0x00000000eb600000,0x00000000eb849b88,0x00000000eb880000)
  to   space 2560K, 0% used [0x00000000eb380000,0x00000000eb380000,0x00000000eb600000)
 ParOldGen       total 163328K, used 163253K [0x00000000c0000000, 0x00000000c9f80000, 0x00000000eab00000)
  object space 163328K, 99% used [0x00000000c0000000,0x00000000c9f6d6b8,0x00000000c9f80000)
 Metaspace       used 48547K, committed 49792K, reserved 1114112K
  class space    used 5092K, committed 5696K, reserved 1048576K
}
Event: 24.714 GC heap after
{Heap after GC invocations=79 (full 2):
 PSYoungGen      total 11264K, used 2405K [0x00000000eab00000, 0x00000000eb880000, 0x0000000100000000)
  eden space 8704K, 0% used [0x00000000eab00000,0x00000000eab00000,0x00000000eb380000)
  from space 2560K, 93% used [0x00000000eb380000,0x00000000eb5d9408,0x00000000eb600000)
  to   space 2560K, 0% used [0x00000000eb600000,0x00000000eb600000,0x00000000eb880000)
 ParOldGen       total 165376K, used 165306K [0x00000000c0000000, 0x00000000ca180000, 0x00000000eab00000)
  object space 165376K, 99% used [0x00000000c0000000,0x00000000ca16eaf0,0x00000000ca180000)
 Metaspace       used 48547K, committed 49792K, reserved 1114112K
  class space    used 5092K, committed 5696K, reserved 1048576K
}
Event: 24.754 GC heap before
{Heap before GC invocations=80 (full 2):
 PSYoungGen      total 11264K, used 11109K [0x00000000eab00000, 0x00000000eb880000, 0x0000000100000000)
  eden space 8704K, 100% used [0x00000000eab00000,0x00000000eb380000,0x00000000eb380000)
  from space 2560K, 93% used [0x00000000eb380000,0x00000000eb5d9408,0x00000000eb600000)
  to   space 2560K, 0% used [0x00000000eb600000,0x00000000eb600000,0x00000000eb880000)
 ParOldGen       total 165376K, used 165306K [0x00000000c0000000, 0x00000000ca180000, 0x00000000eab00000)
  object space 165376K, 99% used [0x00000000c0000000,0x00000000ca16eaf0,0x00000000ca180000)
 Metaspace       used 48547K, committed 49792K, reserved 1114112K
  class space    used 5092K, committed 5696K, reserved 1048576K
}
Event: 24.756 GC heap after
{Heap after GC invocations=80 (full 2):
 PSYoungGen      total 11264K, used 2398K [0x00000000eab00000, 0x00000000eb880000, 0x0000000100000000)
  eden space 8704K, 0% used [0x00000000eab00000,0x00000000eab00000,0x00000000eb380000)
  from space 2560K, 93% used [0x00000000eb600000,0x00000000eb8579f8,0x00000000eb880000)
  to   space 2560K, 0% used [0x00000000eb380000,0x00000000eb380000,0x00000000eb600000)
 ParOldGen       total 167936K, used 167446K [0x00000000c0000000, 0x00000000ca400000, 0x00000000eab00000)
  object space 167936K, 99% used [0x00000000c0000000,0x00000000ca385b30,0x00000000ca400000)
 Metaspace       used 48547K, committed 49792K, reserved 1114112K
  class space    used 5092K, committed 5696K, reserved 1048576K
}
Event: 24.795 GC heap before
{Heap before GC invocations=81 (full 2):
 PSYoungGen      total 11264K, used 11102K [0x00000000eab00000, 0x00000000eb880000, 0x0000000100000000)
  eden space 8704K, 100% used [0x00000000eab00000,0x00000000eb380000,0x00000000eb380000)
  from space 2560K, 93% used [0x00000000eb600000,0x00000000eb8579f8,0x00000000eb880000)
  to   space 2560K, 0% used [0x00000000eb380000,0x00000000eb380000,0x00000000eb600000)
 ParOldGen       total 167936K, used 167446K [0x00000000c0000000, 0x00000000ca400000, 0x00000000eab00000)
  object space 167936K, 99% used [0x00000000c0000000,0x00000000ca385b30,0x00000000ca400000)
 Metaspace       used 48547K, committed 49792K, reserved 1114112K
  class space    used 5092K, committed 5696K, reserved 1048576K
}
Event: 24.797 GC heap after
{Heap after GC invocations=81 (full 2):
 PSYoungGen      total 11264K, used 2404K [0x00000000eab00000, 0x00000000eb880000, 0x0000000100000000)
  eden space 8704K, 0% used [0x00000000eab00000,0x00000000eab00000,0x00000000eb380000)
  from space 2560K, 93% used [0x00000000eb380000,0x00000000eb5d92e8,0x00000000eb600000)
  to   space 2560K, 0% used [0x00000000eb600000,0x00000000eb600000,0x00000000eb880000)
 ParOldGen       total 169984K, used 169611K [0x00000000c0000000, 0x00000000ca600000, 0x00000000eab00000)
  object space 169984K, 99% used [0x00000000c0000000,0x00000000ca5a2c30,0x00000000ca600000)
 Metaspace       used 48547K, committed 49792K, reserved 1114112K
  class space    used 5092K, committed 5696K, reserved 1048576K
}
Event: 24.836 GC heap before
{Heap before GC invocations=82 (full 2):
 PSYoungGen      total 11264K, used 11108K [0x00000000eab00000, 0x00000000eb880000, 0x0000000100000000)
  eden space 8704K, 100% used [0x00000000eab00000,0x00000000eb380000,0x00000000eb380000)
  from space 2560K, 93% used [0x00000000eb380000,0x00000000eb5d92e8,0x00000000eb600000)
  to   space 2560K, 0% used [0x00000000eb600000,0x00000000eb600000,0x00000000eb880000)
 ParOldGen       total 169984K, used 169611K [0x00000000c0000000, 0x00000000ca600000, 0x00000000eab00000)
  object space 169984K, 99% used [0x00000000c0000000,0x00000000ca5a2c30,0x00000000ca600000)
 Metaspace       used 48547K, committed 49792K, reserved 1114112K
  class space    used 5092K, committed 5696K, reserved 1048576K
}
Event: 24.839 GC heap after
{Heap after GC invocations=82 (full 2):
 PSYoungGen      total 11264K, used 11108K [0x00000000eab00000, 0x00000000eb880000, 0x0000000100000000)
  eden space 8704K, 100% used [0x00000000eab00000,0x00000000eb380000,0x00000000eb380000)
  from space 2560K, 93% used [0x00000000eb380000,0x00000000eb5d92e8,0x00000000eb600000)
  to   space 2560K, 94% used [0x00000000eb600000,0x00000000eb85da08,0x00000000eb880000)
 ParOldGen       total 172032K, used 171743K [0x00000000c0000000, 0x00000000ca800000, 0x00000000eab00000)
  object space 172032K, 99% used [0x00000000c0000000,0x00000000ca7b7ed0,0x00000000ca800000)
 Metaspace       used 48547K, committed 49792K, reserved 1114112K
  class space    used 5092K, committed 5696K, reserved 1048576K
}
Event: 24.839 GC heap before
{Heap before GC invocations=83 (full 3):
 PSYoungGen      total 11264K, used 11108K [0x00000000eab00000, 0x00000000eb880000, 0x0000000100000000)
  eden space 8704K, 100% used [0x00000000eab00000,0x00000000eb380000,0x00000000eb380000)
  from space 2560K, 93% used [0x00000000eb380000,0x00000000eb5d92e8,0x00000000eb600000)
  to   space 2560K, 94% used [0x00000000eb600000,0x00000000eb85da08,0x00000000eb880000)
 ParOldGen       total 172032K, used 171743K [0x00000000c0000000, 0x00000000ca800000, 0x00000000eab00000)
  object space 172032K, 99% used [0x00000000c0000000,0x00000000ca7b7ed0,0x00000000ca800000)
 Metaspace       used 48547K, committed 49792K, reserved 1114112K
  class space    used 5092K, committed 5696K, reserved 1048576K
}
Event: 25.758 GC heap after
{Heap after GC invocations=83 (full 3):
 PSYoungGen      total 11264K, used 0K [0x00000000eab00000, 0x00000000eb900000, 0x0000000100000000)
  eden space 8704K, 0% used [0x00000000eab00000,0x00000000eab00000,0x00000000eb380000)
  from space 2560K, 0% used [0x00000000eb600000,0x00000000eb600000,0x00000000eb880000)
  to   space 2560K, 0% used [0x00000000eb380000,0x00000000eb380000,0x00000000eb600000)
 ParOldGen       total 172032K, used 154855K [0x00000000c0000000, 0x00000000ca800000, 0x00000000eab00000)
  object space 172032K, 90% used [0x00000000c0000000,0x00000000c9739ee0,0x00000000ca800000)
 Metaspace       used 48547K, committed 49792K, reserved 1114112K
  class space    used 5092K, committed 5696K, reserved 1048576K
}
Event: 25.786 GC heap before
{Heap before GC invocations=84 (full 3):
 PSYoungGen      total 11264K, used 8704K [0x00000000eab00000, 0x00000000eb900000, 0x0000000100000000)
  eden space 8704K, 100% used [0x00000000eab00000,0x00000000eb380000,0x00000000eb380000)
  from space 2560K, 0% used [0x00000000eb600000,0x00000000eb600000,0x00000000eb880000)
  to   space 2560K, 0% used [0x00000000eb380000,0x00000000eb380000,0x00000000eb600000)
 ParOldGen       total 172032K, used 154855K [0x00000000c0000000, 0x00000000ca800000, 0x00000000eab00000)
  object space 172032K, 90% used [0x00000000c0000000,0x00000000c9739ee0,0x00000000ca800000)
 Metaspace       used 48552K, committed 49792K, reserved 1114112K
  class space    used 5092K, committed 5696K, reserved 1048576K
}
Event: 25.787 GC heap after
{Heap after GC invocations=84 (full 3):
 PSYoungGen      total 11264K, used 2203K [0x00000000eab00000, 0x00000000eb900000, 0x0000000100000000)
  eden space 8704K, 0% used [0x00000000eab00000,0x00000000eab00000,0x00000000eb380000)
  from space 2560K, 86% used [0x00000000eb380000,0x00000000eb5a6d30,0x00000000eb600000)
  to   space 2560K, 0% used [0x00000000eb680000,0x00000000eb680000,0x00000000eb900000)
 ParOldGen       total 172032K, used 154855K [0x00000000c0000000, 0x00000000ca800000, 0x00000000eab00000)
  object space 172032K, 90% used [0x00000000c0000000,0x00000000c9739ee0,0x00000000ca800000)
 Metaspace       used 48552K, committed 49792K, reserved 1114112K
  class space    used 5092K, committed 5696K, reserved 1048576K
}
Event: 25.810 GC heap before
{Heap before GC invocations=85 (full 3):
 PSYoungGen      total 11264K, used 10907K [0x00000000eab00000, 0x00000000eb900000, 0x0000000100000000)
  eden space 8704K, 100% used [0x00000000eab00000,0x00000000eb380000,0x00000000eb380000)
  from space 2560K, 86% used [0x00000000eb380000,0x00000000eb5a6d30,0x00000000eb600000)
  to   space 2560K, 0% used [0x00000000eb680000,0x00000000eb680000,0x00000000eb900000)
 ParOldGen       total 172032K, used 154855K [0x00000000c0000000, 0x00000000ca800000, 0x00000000eab00000)
  object space 172032K, 90% used [0x00000000c0000000,0x00000000c9739ee0,0x00000000ca800000)
 Metaspace       used 48552K, committed 49792K, reserved 1114112K
  class space    used 5092K, committed 5696K, reserved 1048576K
}
Event: 25.812 GC heap after
{Heap after GC invocations=85 (full 3):
 PSYoungGen      total 11264K, used 2548K [0x00000000eab00000, 0x00000000eb900000, 0x0000000100000000)
  eden space 8704K, 0% used [0x00000000eab00000,0x00000000eab00000,0x00000000eb380000)
  from space 2560K, 99% used [0x00000000eb680000,0x00000000eb8fd378,0x00000000eb900000)
  to   space 2560K, 0% used [0x00000000eb380000,0x00000000eb380000,0x00000000eb600000)
 ParOldGen       total 172032K, used 156497K [0x00000000c0000000, 0x00000000ca800000, 0x00000000eab00000)
  object space 172032K, 90% used [0x00000000c0000000,0x00000000c98d4578,0x00000000ca800000)
 Metaspace       used 48552K, committed 49792K, reserved 1114112K
  class space    used 5092K, committed 5696K, reserved 1048576K
}
Event: 25.842 GC heap before
{Heap before GC invocations=86 (full 3):
 PSYoungGen      total 11264K, used 11252K [0x00000000eab00000, 0x00000000eb900000, 0x0000000100000000)
  eden space 8704K, 100% used [0x00000000eab00000,0x00000000eb380000,0x00000000eb380000)
  from space 2560K, 99% used [0x00000000eb680000,0x00000000eb8fd378,0x00000000eb900000)
  to   space 2560K, 0% used [0x00000000eb380000,0x00000000eb380000,0x00000000eb600000)
 ParOldGen       total 172032K, used 156497K [0x00000000c0000000, 0x00000000ca800000, 0x00000000eab00000)
  object space 172032K, 90% used [0x00000000c0000000,0x00000000c98d4578,0x00000000ca800000)
 Metaspace       used 48552K, committed 49792K, reserved 1114112K
  class space    used 5092K, committed 5696K, reserved 1048576K
}
Event: 25.844 GC heap after
{Heap after GC invocations=86 (full 3):
 PSYoungGen      total 11264K, used 2319K [0x00000000eab00000, 0x00000000eba00000, 0x0000000100000000)
  eden space 8704K, 0% used [0x00000000eab00000,0x00000000eab00000,0x00000000eb380000)
  from space 2560K, 90% used [0x00000000eb380000,0x00000000eb5c3da0,0x00000000eb600000)
  to   space 3072K, 0% used [0x00000000eb700000,0x00000000eb700000,0x00000000eba00000)
 ParOldGen       total 172032K, used 159019K [0x00000000c0000000, 0x00000000ca800000, 0x00000000eab00000)
  object space 172032K, 92% used [0x00000000c0000000,0x00000000c9b4aef0,0x00000000ca800000)
 Metaspace       used 48552K, committed 49792K, reserved 1114112K
  class space    used 5092K, committed 5696K, reserved 1048576K
}
Event: 25.860 GC heap before
{Heap before GC invocations=87 (full 3):
 PSYoungGen      total 11264K, used 7686K [0x00000000eab00000, 0x00000000eba00000, 0x0000000100000000)
  eden space 8704K, 61% used [0x00000000eab00000,0x00000000eb03db28,0x00000000eb380000)
  from space 2560K, 90% used [0x00000000eb380000,0x00000000eb5c3da0,0x00000000eb600000)
  to   space 3072K, 0% used [0x00000000eb700000,0x00000000eb700000,0x00000000eba00000)
 ParOldGen       total 172032K, used 159019K [0x00000000c0000000, 0x00000000ca800000, 0x00000000eab00000)
  object space 172032K, 92% used [0x00000000c0000000,0x00000000c9b4aef0,0x00000000ca800000)
 Metaspace       used 48552K, committed 49792K, reserved 1114112K
  class space    used 5092K, committed 5696K, reserved 1048576K
}
Event: 25.862 GC heap after
{Heap after GC invocations=87 (full 3):
 PSYoungGen      total 11776K, used 3063K [0x00000000eab00000, 0x00000000eba00000, 0x0000000100000000)
  eden space 8704K, 0% used [0x00000000eab00000,0x00000000eab00000,0x00000000eb380000)
  from space 3072K, 99% used [0x00000000eb700000,0x00000000eb9fdd28,0x00000000eba00000)
  to   space 2560K, 0% used [0x00000000eb380000,0x00000000eb380000,0x00000000eb600000)
 ParOldGen       total 172032K, used 159359K [0x00000000c0000000, 0x00000000ca800000, 0x00000000eab00000)
  object space 172032K, 92% used [0x00000000c0000000,0x00000000c9b9fe20,0x00000000ca800000)
 Metaspace       used 48552K, committed 49792K, reserved 1114112K
  class space    used 5092K, committed 5696K, reserved 1048576K
}

