# JRE version: OpenJDK Runtime Environment Temurin-21.0.4+7 (21.0.4+7) (build 21.0.4+7-LTS)
# Java VM: OpenJDK 64-Bit Server VM Temurin-21.0.4+7 (21.0.4+7-LTS, mixed mode, emulated-client, tiered, compressed oops, compressed class ptrs, g1 gc, windows-amd64)
GC Precious Log:
 CardTable entry size: 512
 Card Set container configuration: InlinePtr #cards 5 size 8 Array Of Cards #cards 12 size 40 Howl #buckets 4 coarsen threshold 1843 Howl Bitmap #cards 512 size 80 coarsen threshold 460 Card regions per heap region 1 cards per card region 2048
 CPUs: 16 total, 16 available
 Memory: 7542M
 Large Page Support: Disabled
 NUMA Support: Disabled
 Compressed Oops: Enabled (32-bit)
 Heap Region Size: 1M
 Heap Min Capacity: 8M
 Heap Initial Capacity: 118M
 Heap Max Capacity: 1886M
 Pre-touch: Disabled
 Parallel Workers: 13
 Concurrent Workers: 3
 Concurrent Refinement Workers: 13
 Periodic GC: Disabled
Heap:
 garbage-first heap   total 96256K, used 80838K [0x000000008a200000, 0x0000000100000000)
  region size 1024K, 49 young (50176K), 2 survivors (2048K)
 Metaspace       used 87511K, committed 88320K, reserved 1179648K
  class space    used 11508K, committed 11904K, reserved 1048576K
GC Heap History (20 events):
Event: 2023.056 GC heap after
{Heap after GC invocations=49 (full 5):
 garbage-first heap   total 99328K, used 30724K [0x000000008a200000, 0x0000000100000000)
  region size 1024K, 5 young (5120K), 5 survivors (5120K)
 Metaspace       used 80844K, committed 81472K, reserved 1179648K
  class space    used 10599K, committed 10880K, reserved 1048576K
}
Event: 2040.268 GC heap before
{Heap before GC invocations=50 (full 5):
 garbage-first heap   total 99328K, used 62468K [0x000000008a200000, 0x0000000100000000)
  region size 1024K, 35 young (35840K), 5 survivors (5120K)
 Metaspace       used 81026K, committed 81664K, reserved 1179648K
  class space    used 10589K, committed 10880K, reserved 1048576K
}
Event: 2040.340 GC heap after
{Heap after GC invocations=51 (full 6):
 garbage-first heap   total 96256K, used 25794K [0x000000008a200000, 0x0000000100000000)
  region size 1024K, 0 young (0K), 0 survivors (0K)
 Metaspace       used 81021K, committed 81664K, reserved 1179648K
  class space    used 10588K, committed 10880K, reserved 1048576K
}
Event: 2041.421 GC heap before
{Heap before GC invocations=51 (full 6):
 garbage-first heap   total 96256K, used 78018K [0x000000008a200000, 0x0000000100000000)
  region size 1024K, 52 young (53248K), 0 survivors (0K)
 Metaspace       used 81150K, committed 81728K, reserved 1179648K
  class space    used 10611K, committed 10880K, reserved 1048576K
}
Event: 2041.427 GC heap after
{Heap after GC invocations=52 (full 6):
 garbage-first heap   total 96256K, used 30627K [0x000000008a200000, 0x0000000100000000)
  region size 1024K, 5 young (5120K), 5 survivors (5120K)
 Metaspace       used 81150K, committed 81728K, reserved 1179648K
  class space    used 10611K, committed 10880K, reserved 1048576K
}
Event: 2069.577 GC heap before
{Heap before GC invocations=53 (full 6):
 garbage-first heap   total 96256K, used 81827K [0x000000008a200000, 0x0000000100000000)
  region size 1024K, 53 young (54272K), 5 survivors (5120K)
 Metaspace       used 81499K, committed 82176K, reserved 1179648K
  class space    used 10650K, committed 10944K, reserved 1048576K
}
Event: 2069.585 GC heap after
{Heap after GC invocations=54 (full 6):
 garbage-first heap   total 96256K, used 32599K [0x000000008a200000, 0x0000000100000000)
  region size 1024K, 4 young (4096K), 4 survivors (4096K)
 Metaspace       used 81499K, committed 82176K, reserved 1179648K
  class space    used 10650K, committed 10944K, reserved 1048576K
}
Event: 2071.043 GC heap before
{Heap before GC invocations=54 (full 6):
 garbage-first heap   total 96256K, used 81751K [0x000000008a200000, 0x0000000100000000)
  region size 1024K, 51 young (52224K), 4 survivors (4096K)
 Metaspace       used 81825K, committed 82432K, reserved 1179648K
  class space    used 10675K, committed 10944K, reserved 1048576K
}
Event: 2071.053 GC heap after
{Heap after GC invocations=55 (full 6):
 garbage-first heap   total 96256K, used 36409K [0x000000008a200000, 0x0000000100000000)
  region size 1024K, 3 young (3072K), 3 survivors (3072K)
 Metaspace       used 81825K, committed 82432K, reserved 1179648K
  class space    used 10675K, committed 10944K, reserved 1048576K
}
Event: 2175.492 GC heap before
{Heap before GC invocations=55 (full 6):
 garbage-first heap   total 96256K, used 81465K [0x000000008a200000, 0x0000000100000000)
  region size 1024K, 48 young (49152K), 3 survivors (3072K)
 Metaspace       used 84432K, committed 85120K, reserved 1179648K
  class space    used 11049K, committed 11328K, reserved 1048576K
}
Event: 2175.501 GC heap after
{Heap after GC invocations=56 (full 6):
 garbage-first heap   total 96256K, used 37329K [0x000000008a200000, 0x0000000100000000)
  region size 1024K, 4 young (4096K), 4 survivors (4096K)
 Metaspace       used 84432K, committed 85120K, reserved 1179648K
  class space    used 11049K, committed 11328K, reserved 1048576K
}
Event: 2236.097 GC heap before
{Heap before GC invocations=57 (full 6):
 garbage-first heap   total 96256K, used 82385K [0x000000008a200000, 0x0000000100000000)
  region size 1024K, 49 young (50176K), 4 survivors (4096K)
 Metaspace       used 86895K, committed 87616K, reserved 1179648K
  class space    used 11425K, committed 11776K, reserved 1048576K
}
Event: 2236.146 GC heap after
{Heap after GC invocations=58 (full 6):
 garbage-first heap   total 96256K, used 39336K [0x000000008a200000, 0x0000000100000000)
  region size 1024K, 3 young (3072K), 3 survivors (3072K)
 Metaspace       used 86895K, committed 87616K, reserved 1179648K
  class space    used 11425K, committed 11776K, reserved 1048576K
}
Event: 2426.903 GC heap before
{Heap before GC invocations=58 (full 6):
 garbage-first heap   total 96256K, used 84392K [0x000000008a200000, 0x0000000100000000)
  region size 1024K, 47 young (48128K), 3 survivors (3072K)
 Metaspace       used 87069K, committed 87808K, reserved 1179648K
  class space    used 11447K, committed 11776K, reserved 1048576K
}
Event: 2426.910 GC heap after
{Heap after GC invocations=59 (full 6):
 garbage-first heap   total 96256K, used 37312K [0x000000008a200000, 0x0000000100000000)
  region size 1024K, 3 young (3072K), 3 survivors (3072K)
 Metaspace       used 87069K, committed 87808K, reserved 1179648K
  class space    used 11447K, committed 11776K, reserved 1048576K
}
Event: 2432.130 GC heap before
{Heap before GC invocations=59 (full 6):
 garbage-first heap   total 96256K, used 39360K [0x000000008a200000, 0x0000000100000000)
  region size 1024K, 6 young (6144K), 3 survivors (3072K)
 Metaspace       used 87085K, committed 87808K, reserved 1179648K
  class space    used 11448K, committed 11776K, reserved 1048576K
}
Event: 2432.198 GC heap after
{Heap after GC invocations=60 (full 7):
 garbage-first heap   total 96256K, used 27210K [0x000000008a200000, 0x0000000100000000)
  region size 1024K, 0 young (0K), 0 survivors (0K)
 Metaspace       used 87023K, committed 87808K, reserved 1179648K
  class space    used 11434K, committed 11776K, reserved 1048576K
}
Event: 2433.335 GC heap before
{Heap before GC invocations=60 (full 7):
 garbage-first heap   total 96256K, used 82506K [0x000000008a200000, 0x0000000100000000)
  region size 1024K, 55 young (56320K), 0 survivors (0K)
 Metaspace       used 87295K, committed 88064K, reserved 1179648K
  class space    used 11492K, committed 11840K, reserved 1048576K
}
Event: 2433.342 GC heap after
{Heap after GC invocations=61 (full 7):
 garbage-first heap   total 96256K, used 32710K [0x000000008a200000, 0x0000000100000000)
  region size 1024K, 6 young (6144K), 6 survivors (6144K)
 Metaspace       used 87295K, committed 88064K, reserved 1179648K
  class space    used 11492K, committed 11840K, reserved 1048576K
}
Event: 2729.225 GC heap before
{Heap before GC invocations=62 (full 7):
 garbage-first heap   total 96256K, used 80838K [0x000000008a200000, 0x0000000100000000)
  region size 1024K, 53 young (54272K), 6 survivors (6144K)
 Metaspace       used 87511K, committed 88320K, reserved 1179648K
  class space    used 11508K, committed 11904K, reserved 1048576K
}

